\BOOKMARK [0][-]{dummy.1}{\376\377\000R\000e\000s\000u\000m\000e\000n}{}% 1
\BOOKMARK [0][-]{dummy.2}{\376\377\000A\000g\000r\000a\000d\000e\000c\000i\000m\000i\000e\000n\000t\000o\000s}{}% 2
\BOOKMARK [0][-]{dummy.4}{\376\377\000\315\000n\000d\000i\000c\000e\000\040\000d\000e\000\040\000F\000i\000g\000u\000r\000a\000s}{}% 3
\BOOKMARK [0][-]{dummy.6}{\376\377\000L\000i\000s\000t\000a\000\040\000d\000e\000\040\000T\000a\000b\000l\000a\000s}{}% 4
\BOOKMARK [0][-]{dummy.8}{\376\377\000A\000c\000r\000\363\000n\000i\000m\000o\000s\000\040\000y\000\040\000S\000\355\000m\000b\000o\000l\000o\000s}{}% 5
\BOOKMARK [0][-]{chapter.11}{\376\377\0001\000\040\000I\000n\000t\000r\000o\000d\000u\000c\000c\000i\000\363\000n}{}% 6
\BOOKMARK [1][-]{section.12}{\376\377\0001\000.\0001\000\040\000A\000n\000t\000e\000c\000e\000d\000e\000n\000t\000e\000s}{chapter.11}% 7
\BOOKMARK [1][-]{section.15}{\376\377\0001\000.\0002\000\040\000J\000u\000s\000t\000i\000f\000i\000c\000a\000c\000i\000\363\000n\000\040\000y\000\040\000p\000l\000a\000n\000t\000e\000a\000m\000i\000e\000n\000t\000o\000\040\000d\000e\000l\000\040\000p\000r\000o\000b\000l\000e\000m\000a}{chapter.11}% 8
\BOOKMARK [1][-]{section.20}{\376\377\0001\000.\0003\000\040\000O\000b\000j\000e\000t\000i\000v\000o\000s}{chapter.11}% 9
\BOOKMARK [2][-]{subsection.21}{\376\377\0001\000.\0003\000.\0001\000\040\000O\000b\000j\000e\000t\000i\000v\000o\000\040\000G\000e\000n\000e\000r\000a\000l}{section.20}% 10
\BOOKMARK [2][-]{subsection.22}{\376\377\0001\000.\0003\000.\0002\000\040\000O\000b\000j\000e\000t\000i\000v\000o\000s\000\040\000E\000s\000p\000e\000c\000\355\000f\000i\000c\000o\000s}{section.20}% 11
\BOOKMARK [1][-]{section.23}{\376\377\0001\000.\0004\000\040\000E\000s\000t\000r\000u\000c\000t\000u\000r\000a\000\040\000d\000e\000l\000\040\000t\000r\000a\000b\000a\000j\000o}{chapter.11}% 12
\BOOKMARK [0][-]{chapter.24}{\376\377\0002\000\040\000S\000i\000s\000t\000e\000m\000a\000s\000\040\000d\000e\000\040\000g\000e\000n\000e\000r\000a\000c\000i\000\363\000n\000\040\000d\000e\000\040\000m\000o\000s\000a\000i\000c\000o}{}% 13
\BOOKMARK [1][-]{section.25}{\376\377\0002\000.\0001\000\040\000E\000s\000t\000a\000d\000o\000\040\000d\000e\000l\000\040\000a\000r\000t\000e}{chapter.24}% 14
\BOOKMARK [1][-]{section.30}{\376\377\0002\000.\0002\000\040\000E\000s\000q\000u\000e\000m\000a\000\040\000p\000r\000o\000p\000u\000e\000s\000t\000o}{chapter.24}% 15
\BOOKMARK [1][-]{section.32}{\376\377\0002\000.\0003\000\040\000O\000p\000e\000n\000C\000V}{chapter.24}% 16
\BOOKMARK [0][-]{chapter.33}{\376\377\0003\000\040\000D\000e\000t\000e\000c\000c\000i\000\363\000n\000\040\000d\000e\000\040\000p\000u\000n\000t\000o\000s\000\040\000d\000e\000\040\000i\000n\000t\000e\000r\000\351\000s}{}% 17
\BOOKMARK [1][-]{section.34}{\376\377\0003\000.\0001\000\040\000I\000n\000t\000r\000o\000d\000u\000c\000c\000i\000\363\000n}{chapter.33}% 18
\BOOKMARK [1][-]{section.35}{\376\377\0003\000.\0002\000\040\000R\000e\000v\000i\000s\000i\000\363\000n\000\040\000t\000e\000\363\000r\000i\000c\000a}{chapter.33}% 19
\BOOKMARK [2][-]{subsection.36}{\376\377\0003\000.\0002\000.\0001\000\040\000D\000e\000t\000e\000c\000t\000o\000r\000e\000s\000\040\000y\000\040\000d\000e\000s\000c\000r\000i\000p\000t\000o\000r\000e\000s\000\040\000d\000e\000\040\000c\000a\000r\000a\000c\000t\000e\000r\000\355\000s\000t\000i\000c\000a\000s}{section.35}% 20
\BOOKMARK [2][-]{subsection.45}{\376\377\0003\000.\0002\000.\0002\000\040\000E\000m\000p\000a\000r\000e\000j\000a\000d\000o\000r\000e\000s\000\040\000d\000e\000\040\000p\000u\000n\000t\000o\000s\000\040\000c\000a\000r\000a\000c\000t\000e\000r\000\355\000s\000t\000i\000c\000o\000s}{section.35}% 21
\BOOKMARK [1][-]{section.46}{\376\377\0003\000.\0003\000\040\000I\000m\000p\000l\000e\000m\000e\000n\000t\000a\000c\000i\000\363\000n\000\040\000y\000\040\000r\000e\000s\000u\000l\000t\000a\000d\000o\000s\000\040\000d\000e\000\040\000m\000o\000d\000u\000l\000o\000\040\000c\000o\000m\000p\000a\000r\000a\000t\000i\000v\000o}{chapter.33}% 22
\BOOKMARK [1][-]{section.47}{\376\377\0003\000.\0004\000\040\000C\000o\000n\000c\000l\000u\000s\000i\000o\000n\000e\000s}{chapter.33}% 23
\BOOKMARK [0][-]{chapter.48}{\376\377\0004\000\040\000A\000l\000i\000n\000e\000a\000c\000i\000\363\000n\000\040\000d\000e\000\040\000i\000m\000\341\000g\000e\000n\000e\000s}{}% 24
\BOOKMARK [1][-]{section.49}{\376\377\0004\000.\0001\000\040\000I\000n\000t\000r\000o\000d\000u\000c\000c\000i\000\363\000n}{chapter.48}% 25
\BOOKMARK [1][-]{section.50}{\376\377\0004\000.\0002\000\040\000R\000e\000v\000i\000s\000i\000\363\000n\000\040\000t\000e\000\363\000r\000i\000c\000a}{chapter.48}% 26
\BOOKMARK [2][-]{subsection.51}{\376\377\0004\000.\0002\000.\0001\000\040\000T\000r\000a\000n\000s\000f\000o\000r\000m\000a\000c\000i\000o\000n\000e\000s\000\040\000g\000e\000o\000m\000\351\000t\000r\000i\000c\000a\000s}{section.50}% 27
\BOOKMARK [1][-]{section.52}{\376\377\0004\000.\0003\000\040\000G\000e\000n\000e\000r\000a\000c\000i\000\363\000n\000\040\000d\000e\000\040\000s\000u\000b\000-\000m\000o\000s\000a\000i\000c\000o\000s}{chapter.48}% 28
\BOOKMARK [2][-]{subsection.72}{\376\377\0004\000.\0003\000.\0001\000\040\000S\000e\000l\000e\000c\000c\000i\000\363\000n\000\040\000d\000e\000\040\000i\000m\000a\000g\000e\000n\000\040\000d\000e\000\040\000r\000e\000f\000e\000r\000e\000n\000c\000i\000a}{section.52}% 29
\BOOKMARK [2][-]{subsection.73}{\376\377\0004\000.\0003\000.\0002\000\040\000M\000a\000t\000r\000i\000z\000\040\000d\000e\000\040\000t\000r\000a\000n\000s\000f\000o\000r\000m\000a\000c\000i\000\363\000n\000\040\000p\000r\000o\000m\000e\000d\000i\000o}{section.52}% 30
\BOOKMARK [1][-]{section.90}{\376\377\0004\000.\0004\000\040\000C\000o\000r\000r\000e\000c\000c\000i\000\363\000n\000\040\000e\000u\000c\000l\000i\000d\000i\000a\000n\000a}{chapter.48}% 31
\BOOKMARK [1][-]{section.91}{\376\377\0004\000.\0005\000\040\000R\000e\000s\000u\000l\000t\000a\000d\000o\000s}{chapter.48}% 32
\BOOKMARK [1][-]{section.92}{\376\377\0004\000.\0006\000\040\000C\000o\000n\000c\000l\000u\000s\000i\000o\000n\000e\000s}{chapter.48}% 33
\BOOKMARK [0][-]{chapter.93}{\376\377\0005\000\040\000U\000n\000i\000\363\000n\000\040\000d\000e\000\040\000i\000m\000\341\000g\000e\000n\000e\000s}{}% 34
\BOOKMARK [1][-]{section.94}{\376\377\0005\000.\0001\000\040\000I\000n\000t\000r\000o\000d\000u\000c\000c\000i\000\363\000n}{chapter.93}% 35
\BOOKMARK [1][-]{section.95}{\376\377\0005\000.\0002\000\040\000L\000i\000n\000e\000a\000\040\000d\000e\000\040\000c\000o\000s\000t\000u\000r\000a}{chapter.93}% 36
\BOOKMARK [2][-]{subsection.96}{\376\377\0005\000.\0002\000.\0001\000\040\000M\000a\000p\000a\000\040\000m\000a\000s\000\040\000c\000e\000r\000c\000a\000n\000o}{section.95}% 37
\BOOKMARK [2][-]{subsection.97}{\376\377\0005\000.\0002\000.\0002\000\040\000C\000o\000r\000t\000e\000\040\000p\000o\000r\000\040\000g\000r\000a\000f\000o}{section.95}% 38
\BOOKMARK [1][-]{section.98}{\376\377\0005\000.\0003\000\040\000C\000o\000r\000r\000e\000c\000c\000i\000\363\000n\000\040\000d\000e\000\040\000c\000o\000l\000o\000r}{chapter.93}% 39
\BOOKMARK [2][-]{subsection.99}{\376\377\0005\000.\0003\000.\0001\000\040\000A\000j\000u\000s\000t\000e\000\040\000d\000e\000\040\000g\000a\000n\000a\000n\000c\000i\000a}{section.98}% 40
\BOOKMARK [2][-]{subsection.100}{\376\377\0005\000.\0003\000.\0002\000\040\000M\000\351\000t\000o\000d\000o\000\040\000d\000e\000\040\000R\000e\000i\000n\000h\000a\000r\000d}{section.98}% 41
\BOOKMARK [1][-]{section.101}{\376\377\0005\000.\0004\000\040\000F\000u\000s\000i\000\363\000n\000\040\000d\000e\000\040\000i\000m\000\341\000g\000e\000n\000e\000s}{chapter.93}% 42
\BOOKMARK [2][-]{subsection.102}{\376\377\0005\000.\0004\000.\0001\000\040\000F\000u\000s\000i\000\363\000n\000\040\000p\000o\000n\000d\000e\000r\000a\000d\000a}{section.101}% 43
\BOOKMARK [2][-]{subsection.103}{\376\377\0005\000.\0004\000.\0002\000\040\000F\000u\000s\000i\000\363\000n\000\040\000p\000i\000r\000a\000m\000i\000d\000a\000l}{section.101}% 44
\BOOKMARK [1][-]{section.104}{\376\377\0005\000.\0005\000\040\000R\000e\000s\000u\000l\000t\000a\000d\000o\000s}{chapter.93}% 45
\BOOKMARK [1][-]{section.105}{\376\377\0005\000.\0006\000\040\000C\000o\000n\000c\000l\000u\000s\000i\000o\000n\000e\000s}{chapter.93}% 46
\BOOKMARK [0][-]{chapter.106}{\376\377\0006\000\040\000C\000o\000n\000c\000l\000u\000s\000i\000o\000n\000e\000s\000\040\000y\000\040\000t\000r\000a\000b\000a\000j\000o\000s\000\040\000f\000u\000t\000u\000r\000o\000s}{}% 47
\BOOKMARK [0][-]{appendix.108}{\376\377\000A\000\040\000I\000n\000s\000t\000a\000l\000a\000c\000i\000\363\000n\000\040\000d\000e\000\040\000l\000i\000b\000r\000e\000r\000\355\000a\000\040\000O\000p\000e\000n\000C\000V\000\040\000y\000\040\000d\000e\000p\000e\000n\000d\000e\000n\000c\000i\000a\000s}{}% 48
\BOOKMARK [1][-]{section.109}{\376\377\000A\000.\0001\000\040\000@\000s\000e\000c\000c\000i\000\363\000n}{appendix.108}% 49
\BOOKMARK [2][-]{subsection.110}{\376\377\000A\000.\0001\000.\0001\000\040\000@\000s\000u\000b\000s\000e\000c\000c\000i\000\363\000n}{section.109}% 50
